http://192.168.250.101/in_vitro/cache_expire01/session03.php

GET /in_vitro/cache_expire01/session03.php HTTP/1.1
Host: 192.168.250.101
User-Agent: Mozilla/5.0 (Windows; U; Windows NT 5.1; en-US; rv:1.7.8) Gecko/20050511 Firefox/1.0.4
Accept: text/xml,application/xml,application/xhtml+xml,text/html;q=0.9,text/plain;q=0.8,image/png,*/*;q=0.5
Accept-Language: ja,en-us;q=0.7,en;q=0.3
Accept-Encoding: gzip,deflate
Accept-Charset: ISO-8859-1,utf-8;q=0.7,*;q=0.7
Keep-Alive: 300
Connection: keep-alive

HTTP/1.x 200 OK
Date: Sat, 09 Jul 2005 15:04:51 GMT
Server: Apache/2.0.50 (Win32) PHP/4.3.8
X-Powered-By: PHP/4.3.8
Set-Cookie: CacheExpireExperiment03=ef639f33f6259fea6437c5aa3255a429; path=/
Expires: Thu, 19 Nov 1981 08:52:00 GMT
Cache-Control: private, max-age=10800, pre-check=10800
Last-Modified: Sat, 09 Jul 2005 15:00:52 GMT
Keep-Alive: timeout=15, max=100
Connection: Keep-Alive
Transfer-Encoding: chunked
Content-Type: text/html; charset=EUC-JP
----------------------------------------------------------
http://192.168.250.101/in_vitro/cache_expire01/session03.php

POST /in_vitro/cache_expire01/session03.php HTTP/1.1
Host: 192.168.250.101
User-Agent: Mozilla/5.0 (Windows; U; Windows NT 5.1; en-US; rv:1.7.8) Gecko/20050511 Firefox/1.0.4
Accept: text/xml,application/xml,application/xhtml+xml,text/html;q=0.9,text/plain;q=0.8,image/png,*/*;q=0.5
Accept-Language: ja,en-us;q=0.7,en;q=0.3
Accept-Encoding: gzip,deflate
Accept-Charset: ISO-8859-1,utf-8;q=0.7,*;q=0.7
Keep-Alive: 300
Connection: keep-alive
Referer: http://192.168.250.101/in_vitro/cache_expire01/session03.php
Cookie: CacheExpireExperiment03=ef639f33f6259fea6437c5aa3255a429
Content-Type: application/x-www-form-urlencoded
Content-Length: 8
test=ABC
HTTP/1.x 200 OK
Date: Sat, 09 Jul 2005 15:04:57 GMT
Server: Apache/2.0.50 (Win32) PHP/4.3.8
X-Powered-By: PHP/4.3.8
Set-Cookie: CacheExpireExperiment03=ef639f33f6259fea6437c5aa3255a429; path=/
Expires: Thu, 19 Nov 1981 08:52:00 GMT
Cache-Control: private, max-age=10800, pre-check=10800
Last-Modified: Sat, 09 Jul 2005 15:00:52 GMT
Keep-Alive: timeout=15, max=97
Connection: Keep-Alive
Transfer-Encoding: chunked
Content-Type: text/html; charset=EUC-JP
----------------------------------------------------------
http://192.168.250.101/in_vitro/cache_expire01/session03.php

POST /in_vitro/cache_expire01/session03.php HTTP/1.1
Host: 192.168.250.101
User-Agent: Mozilla/5.0 (Windows; U; Windows NT 5.1; en-US; rv:1.7.8) Gecko/20050511 Firefox/1.0.4
Accept: text/xml,application/xml,application/xhtml+xml,text/html;q=0.9,text/plain;q=0.8,image/png,*/*;q=0.5
Accept-Language: ja,en-us;q=0.7,en;q=0.3
Accept-Encoding: gzip,deflate
Accept-Charset: ISO-8859-1,utf-8;q=0.7,*;q=0.7
Keep-Alive: 300
Connection: keep-alive
Referer: http://192.168.250.101/in_vitro/cache_expire01/session03.php
Cookie: CacheExpireExperiment03=ef639f33f6259fea6437c5aa3255a429
Content-Type: application/x-www-form-urlencoded
Content-Length: 8
test=DEF
HTTP/1.x 200 OK
Date: Sat, 09 Jul 2005 15:05:01 GMT
Server: Apache/2.0.50 (Win32) PHP/4.3.8
X-Powered-By: PHP/4.3.8
Set-Cookie: CacheExpireExperiment03=ef639f33f6259fea6437c5aa3255a429; path=/
Expires: Thu, 19 Nov 1981 08:52:00 GMT
Cache-Control: private, max-age=10800, pre-check=10800
Last-Modified: Sat, 09 Jul 2005 15:00:52 GMT
Keep-Alive: timeout=15, max=95
Connection: Keep-Alive
Transfer-Encoding: chunked
Content-Type: text/html; charset=EUC-JP
----------------------------------------------------------
